   0  $accept : Program $end

   1  Program : PROGRAMnum IDnum SEMInum ClassDecl_rec

   2  ClassDecl_rec : ClassDecl
   3                | ClassDecl_rec ClassDecl

   4  ClassDecl : CLASSnum IDnum ClassBody

   5  ClassBody : LBRACEnum MethodDecl_List RBRACEnum

   6  MethodDecl_List : MethodDecl_z1
   7                  | MethodDecl_List MethodDecl

   8  MethodDecl_z1 :
   9                | Decls
  10                | MethodDecl
  11                | Decls MethodDecl

  12  MethodDecl : METHODnum Type IDnum LPARENnum Formal_Parameter_List RPARENnum Block

  13  Type : VOIDnum
  14       | IDnum Type_rec
  15       | INTnum Type_rec
  16       | IDnum Type_rec DOTnum Type
  17       | INTnum Type_rec DOTnum Type

  18  Type_rec :
  19           | LBRACnum RBRACnum
  20           | Type_rec LBRACnum RBRACum

  21  Formal_Parameter_List :
  22                        | Formal_Parameter_List_rec

  23  Formal_Parameter_List_rec : Formal_Parameter
  24                            | Formal_Parameter SEMInum Formal_Parameter_List_rec

  25  Formal_Parameter : VALnum INTnum Formal_Parameter_rec
  26                   | INTnum Formal_Parameter_rec

  27  Formal_Parameter_rec : IDnum
  28                       | IDnum COMMAnum Formal_Parameter_rec

  29  Block : StatementList
  30        | Decls StatementList

  31  StatementList : LBRACEnum StatementList_rec RBRACEnum

  32  StatementList_rec : Statement
  33                    | StatementList_rec SEMInum Statement

  34  Statement :
  35            | AssignmentStatement
  36            | MethodCallStatement
  37            | ReturnStatement
  38            | IfStatement
  39            | WhileStatement

  40  Decls : DECLARATIONSnum FieldDecl_List ENDDECLARATIONSnum

  41  FieldDecl_List :
  42                 | FieldDecl
  43                 | FieldDecl_List FieldDecl

  44  FieldDecl : Type FieldDecl_rec SEMInum

  45  FieldDecl_rec : FieldDecl_Id
  46                | FieldDecl_rec COMMAnum FieldDecl_Id

  47  FieldDecl_Id : VariableDeclId
  48               | VariableDeclId EQUALnum VariableInitializer

  49  VariableDeclId : IDnum
  50                 | IDnum BracketLoop

  51  BracketLoop : LBRACnum RBRACnum
  52              | BracketLoop LBRACnum RBRACnum

  53  VariableInitializer : Expression
  54                      | ArrayInitializer
  55                      | ArrayCreationExpression

  56  ArrayInitializer : LBRACEnum ArrayInitializer_rec RBRACEnum

  57  ArrayInitializer_rec : Expression
  58                       | ArrayInitializer_rec COMMAnum Expression

  59  ArrayCreationExpression : INTnum ArrayCreationExpression_rec

  60  ArrayCreationExpression_rec : ArrayExpression
  61                              | ArrayCreationExpression_rec ArrayExpression

  62  ArrayExpression : LBRACnum Expression RBRACnum

  63  AssignmentStatement : Variable ASSGNnum Expression

  64  MethodCallStatement : Variable LPARENnum ParameterList RPARENnum

  65  ParameterList :
  66                | Expression
  67                | Expression COMMAnum ParameterList

  68  ReturnStatement : RETURNnum
  69                  | RETURNnum Expression

  70  IfStatement : IFnum Expression StatementList
  71              | IFnum Expression StatementList ELSEnum StatementList

  72  WhileStatement : WHILEnum Expression StatementList

  73  Expression : SimpleExpression
  74             | SimpleExpression LTnum SimpleExpression
  75             | SimpleExpression LEnum SimpleExpression
  76             | SimpleExpression EQnum SimpleExpression
  77             | SimpleExpression NEnum SimpleExpression
  78             | SimpleExpression GEnum SimpleExpression
  79             | SimpleExpression GTnum SimpleExpression

  80  Factor : UnsignedConstant
  81         | Variable
  82         | MethodCallStatement
  83         | LPARENnum Expression RPARENnum
  84         | NOTnum Factor

  85  UnsignedConstant : ICONSTnum
  86                   | SCONSTnum

  87  SimpleExpression : Term SimpleExpression_Op_rec
  88                   | PLUSnum Term SimpleExpression_Op_rec
  89                   | MINUSnum Term SimpleExpression_Op_rec

  90  SimpleExpression_Op_rec :
  91                          | SimpleExpression_Op SimpleExpression_Op_rec

  92  SimpleExpression_Op : PLUSnum Term
  93                      | MINUSnum Term
  94                      | ORnum Term

  95  Term : Factor Term_Op_rec

  96  Term_Op_rec :
  97              | Term_Op Term_Op_rec

  98  Term_Op : TIMESnum Factor
  99          | DIVIDEnum Factor
 100          | ANDnum Factor

 101  Variable : IDnum Variable_rec

 102  Variable_rec :
 103               | Index Variable_rec
 104               | Field Variable_rec

 105  Field : DOTnum IDnum

 106  Index : LBRACnum Index_rec RBRACnum

 107  Index_rec : Expression
 108            | Expression COMMAnum Index_rec

state 0
	$accept : . Program $end  (0)

	PROGRAMnum  shift 1
	.  error

	Program  goto 2


state 1
	Program : PROGRAMnum . IDnum SEMInum ClassDecl_rec  (1)

	IDnum  shift 3
	.  error


state 2
	$accept : Program . $end  (0)

	$end  accept


state 3
	Program : PROGRAMnum IDnum . SEMInum ClassDecl_rec  (1)

	SEMInum  shift 4
	.  error


state 4
	Program : PROGRAMnum IDnum SEMInum . ClassDecl_rec  (1)

	CLASSnum  shift 5
	.  error

	ClassDecl_rec  goto 6
	ClassDecl  goto 7


state 5
	ClassDecl : CLASSnum . IDnum ClassBody  (4)

	IDnum  shift 8
	.  error


state 6
	Program : PROGRAMnum IDnum SEMInum ClassDecl_rec .  (1)
	ClassDecl_rec : ClassDecl_rec . ClassDecl  (3)

	CLASSnum  shift 5
	$end  reduce 1

	ClassDecl  goto 9


state 7
	ClassDecl_rec : ClassDecl .  (2)

	.  reduce 2


state 8
	ClassDecl : CLASSnum IDnum . ClassBody  (4)

	LBRACEnum  shift 10
	.  error

	ClassBody  goto 11


state 9
	ClassDecl_rec : ClassDecl_rec ClassDecl .  (3)

	.  reduce 3


10: shift/reduce conflict (shift 13, reduce 8) on METHODnum
state 10
	ClassBody : LBRACEnum . MethodDecl_List RBRACEnum  (5)
	MethodDecl_z1 : .  (8)

	DECLARATIONSnum  shift 12
	METHODnum  shift 13
	RBRACEnum  reduce 8

	MethodDecl_List  goto 14
	MethodDecl_z1  goto 15
	Decls  goto 16
	MethodDecl  goto 17


state 11
	ClassDecl : CLASSnum IDnum ClassBody .  (4)

	.  reduce 4


12: shift/reduce conflict (shift 18, reduce 41) on IDnum
12: shift/reduce conflict (shift 19, reduce 41) on VOIDnum
12: shift/reduce conflict (shift 20, reduce 41) on INTnum
state 12
	Decls : DECLARATIONSnum . FieldDecl_List ENDDECLARATIONSnum  (40)
	FieldDecl_List : .  (41)

	IDnum  shift 18
	VOIDnum  shift 19
	INTnum  shift 20
	ENDDECLARATIONSnum  reduce 41

	FieldDecl_List  goto 21
	FieldDecl  goto 22
	Type  goto 23


state 13
	MethodDecl : METHODnum . Type IDnum LPARENnum Formal_Parameter_List RPARENnum Block  (12)

	IDnum  shift 18
	VOIDnum  shift 19
	INTnum  shift 20
	.  error

	Type  goto 24


state 14
	ClassBody : LBRACEnum MethodDecl_List . RBRACEnum  (5)
	MethodDecl_List : MethodDecl_List . MethodDecl  (7)

	RBRACEnum  shift 25
	METHODnum  shift 13
	.  error

	MethodDecl  goto 26


state 15
	MethodDecl_List : MethodDecl_z1 .  (6)

	.  reduce 6


16: shift/reduce conflict (shift 13, reduce 9) on METHODnum
state 16
	MethodDecl_z1 : Decls .  (9)
	MethodDecl_z1 : Decls . MethodDecl  (11)

	METHODnum  shift 13
	RBRACEnum  reduce 9

	MethodDecl  goto 27


state 17
	MethodDecl_z1 : MethodDecl .  (10)

	.  reduce 10


18: shift/reduce conflict (shift 28, reduce 18) on LBRACnum
state 18
	Type : IDnum . Type_rec  (14)
	Type : IDnum . Type_rec DOTnum Type  (16)
	Type_rec : .  (18)

	LBRACnum  shift 28
	IDnum  reduce 18
	DOTnum  reduce 18

	Type_rec  goto 29


state 19
	Type : VOIDnum .  (13)

	.  reduce 13


20: shift/reduce conflict (shift 28, reduce 18) on LBRACnum
state 20
	Type : INTnum . Type_rec  (15)
	Type : INTnum . Type_rec DOTnum Type  (17)
	Type_rec : .  (18)

	LBRACnum  shift 28
	IDnum  reduce 18
	DOTnum  reduce 18

	Type_rec  goto 30


state 21
	Decls : DECLARATIONSnum FieldDecl_List . ENDDECLARATIONSnum  (40)
	FieldDecl_List : FieldDecl_List . FieldDecl  (43)

	IDnum  shift 18
	ENDDECLARATIONSnum  shift 31
	VOIDnum  shift 19
	INTnum  shift 20
	.  error

	FieldDecl  goto 32
	Type  goto 23


state 22
	FieldDecl_List : FieldDecl .  (42)

	.  reduce 42


state 23
	FieldDecl : Type . FieldDecl_rec SEMInum  (44)

	IDnum  shift 33
	.  error

	FieldDecl_Id  goto 34
	FieldDecl_rec  goto 35
	VariableDeclId  goto 36


state 24
	MethodDecl : METHODnum Type . IDnum LPARENnum Formal_Parameter_List RPARENnum Block  (12)

	IDnum  shift 37
	.  error


state 25
	ClassBody : LBRACEnum MethodDecl_List RBRACEnum .  (5)

	.  reduce 5


state 26
	MethodDecl_List : MethodDecl_List MethodDecl .  (7)

	.  reduce 7


state 27
	MethodDecl_z1 : Decls MethodDecl .  (11)

	.  reduce 11


state 28
	Type_rec : LBRACnum . RBRACnum  (19)

	RBRACnum  shift 38
	.  error


state 29
	Type : IDnum Type_rec .  (14)
	Type : IDnum Type_rec . DOTnum Type  (16)
	Type_rec : Type_rec . LBRACnum RBRACum  (20)

	LBRACnum  shift 39
	DOTnum  shift 40
	IDnum  reduce 14


state 30
	Type : INTnum Type_rec .  (15)
	Type : INTnum Type_rec . DOTnum Type  (17)
	Type_rec : Type_rec . LBRACnum RBRACum  (20)

	LBRACnum  shift 39
	DOTnum  shift 41
	IDnum  reduce 15


state 31
	Decls : DECLARATIONSnum FieldDecl_List ENDDECLARATIONSnum .  (40)

	.  reduce 40


state 32
	FieldDecl_List : FieldDecl_List FieldDecl .  (43)

	.  reduce 43


state 33
	VariableDeclId : IDnum .  (49)
	VariableDeclId : IDnum . BracketLoop  (50)

	LBRACnum  shift 42
	SEMInum  reduce 49
	COMMAnum  reduce 49
	EQUALnum  reduce 49

	BracketLoop  goto 43


state 34
	FieldDecl_rec : FieldDecl_Id .  (45)

	.  reduce 45


state 35
	FieldDecl : Type FieldDecl_rec . SEMInum  (44)
	FieldDecl_rec : FieldDecl_rec . COMMAnum FieldDecl_Id  (46)

	SEMInum  shift 44
	COMMAnum  shift 45
	.  error


state 36
	FieldDecl_Id : VariableDeclId .  (47)
	FieldDecl_Id : VariableDeclId . EQUALnum VariableInitializer  (48)

	EQUALnum  shift 46
	SEMInum  reduce 47
	COMMAnum  reduce 47


state 37
	MethodDecl : METHODnum Type IDnum . LPARENnum Formal_Parameter_List RPARENnum Block  (12)

	LPARENnum  shift 47
	.  error


state 38
	Type_rec : LBRACnum RBRACnum .  (19)

	.  reduce 19


state 39
	Type_rec : Type_rec LBRACnum . RBRACum  (20)

	RBRACum  shift 48
	.  error


state 40
	Type : IDnum Type_rec DOTnum . Type  (16)

	IDnum  shift 18
	VOIDnum  shift 19
	INTnum  shift 20
	.  error

	Type  goto 49


state 41
	Type : INTnum Type_rec DOTnum . Type  (17)

	IDnum  shift 18
	VOIDnum  shift 19
	INTnum  shift 20
	.  error

	Type  goto 50


state 42
	BracketLoop : LBRACnum . RBRACnum  (51)

	RBRACnum  shift 51
	.  error


state 43
	VariableDeclId : IDnum BracketLoop .  (50)
	BracketLoop : BracketLoop . LBRACnum RBRACnum  (52)

	LBRACnum  shift 52
	SEMInum  reduce 50
	COMMAnum  reduce 50
	EQUALnum  reduce 50


state 44
	FieldDecl : Type FieldDecl_rec SEMInum .  (44)

	.  reduce 44


state 45
	FieldDecl_rec : FieldDecl_rec COMMAnum . FieldDecl_Id  (46)

	IDnum  shift 33
	.  error

	FieldDecl_Id  goto 53
	VariableDeclId  goto 36


state 46
	FieldDecl_Id : VariableDeclId EQUALnum . VariableInitializer  (48)

	IDnum  shift 54
	LBRACEnum  shift 55
	LPARENnum  shift 56
	INTnum  shift 57
	PLUSnum  shift 58
	MINUSnum  shift 59
	NOTnum  shift 60
	ICONSTnum  shift 61
	SCONSTnum  shift 62
	.  error

	VariableInitializer  goto 63
	ArrayInitializer  goto 64
	ArrayCreationExpression  goto 65
	MethodCallStatement  goto 66
	Expression  goto 67
	SimpleExpression  goto 68
	Term  goto 69
	Factor  goto 70
	UnsignedConstant  goto 71
	Variable  goto 72


state 47
	MethodDecl : METHODnum Type IDnum LPARENnum . Formal_Parameter_List RPARENnum Block  (12)
	Formal_Parameter_List : .  (21)

	INTnum  shift 73
	VALnum  shift 74
	RPARENnum  reduce 21

	Formal_Parameter_List  goto 75
	Formal_Parameter  goto 76
	Formal_Parameter_List_rec  goto 77


state 48
	Type_rec : Type_rec LBRACnum RBRACum .  (20)

	.  reduce 20


state 49
	Type : IDnum Type_rec DOTnum Type .  (16)

	.  reduce 16


state 50
	Type : INTnum Type_rec DOTnum Type .  (17)

	.  reduce 17


state 51
	BracketLoop : LBRACnum RBRACnum .  (51)

	.  reduce 51


state 52
	BracketLoop : BracketLoop LBRACnum . RBRACnum  (52)

	RBRACnum  shift 78
	.  error


state 53
	FieldDecl_rec : FieldDecl_rec COMMAnum FieldDecl_Id .  (46)

	.  reduce 46


state 54
	Variable : IDnum . Variable_rec  (101)
	Variable_rec : .  (102)

	LBRACnum  shift 79
	DOTnum  shift 80
	SEMInum  reduce 102
	COMMAnum  reduce 102
	LBRACEnum  reduce 102
	RBRACEnum  reduce 102
	RBRACnum  reduce 102
	LPARENnum  reduce 102
	RPARENnum  reduce 102
	ASSGNnum  reduce 102
	LTnum  reduce 102
	LEnum  reduce 102
	EQnum  reduce 102
	NEnum  reduce 102
	GEnum  reduce 102
	GTnum  reduce 102
	PLUSnum  reduce 102
	MINUSnum  reduce 102
	ORnum  reduce 102
	TIMESnum  reduce 102
	DIVIDEnum  reduce 102
	ANDnum  reduce 102

	Field  goto 81
	Index  goto 82
	Variable_rec  goto 83


state 55
	ArrayInitializer : LBRACEnum . ArrayInitializer_rec RBRACEnum  (56)

	IDnum  shift 54
	LPARENnum  shift 56
	PLUSnum  shift 58
	MINUSnum  shift 59
	NOTnum  shift 60
	ICONSTnum  shift 61
	SCONSTnum  shift 62
	.  error

	ArrayInitializer_rec  goto 84
	MethodCallStatement  goto 66
	Expression  goto 85
	SimpleExpression  goto 68
	Term  goto 69
	Factor  goto 70
	UnsignedConstant  goto 71
	Variable  goto 72


state 56
	Factor : LPARENnum . Expression RPARENnum  (83)

	IDnum  shift 54
	LPARENnum  shift 56
	PLUSnum  shift 58
	MINUSnum  shift 59
	NOTnum  shift 60
	ICONSTnum  shift 61
	SCONSTnum  shift 62
	.  error

	MethodCallStatement  goto 66
	Expression  goto 86
	SimpleExpression  goto 68
	Term  goto 69
	Factor  goto 70
	UnsignedConstant  goto 71
	Variable  goto 72


state 57
	ArrayCreationExpression : INTnum . ArrayCreationExpression_rec  (59)

	LBRACnum  shift 87
	.  error

	ArrayCreationExpression_rec  goto 88
	ArrayExpression  goto 89


state 58
	SimpleExpression : PLUSnum . Term SimpleExpression_Op_rec  (88)

	IDnum  shift 54
	LPARENnum  shift 56
	NOTnum  shift 60
	ICONSTnum  shift 61
	SCONSTnum  shift 62
	.  error

	MethodCallStatement  goto 66
	Term  goto 90
	Factor  goto 70
	UnsignedConstant  goto 71
	Variable  goto 72


state 59
	SimpleExpression : MINUSnum . Term SimpleExpression_Op_rec  (89)

	IDnum  shift 54
	LPARENnum  shift 56
	NOTnum  shift 60
	ICONSTnum  shift 61
	SCONSTnum  shift 62
	.  error

	MethodCallStatement  goto 66
	Term  goto 91
	Factor  goto 70
	UnsignedConstant  goto 71
	Variable  goto 72


state 60
	Factor : NOTnum . Factor  (84)

	IDnum  shift 54
	LPARENnum  shift 56
	NOTnum  shift 60
	ICONSTnum  shift 61
	SCONSTnum  shift 62
	.  error

	MethodCallStatement  goto 66
	Factor  goto 92
	UnsignedConstant  goto 71
	Variable  goto 72


state 61
	UnsignedConstant : ICONSTnum .  (85)

	.  reduce 85


state 62
	UnsignedConstant : SCONSTnum .  (86)

	.  reduce 86


state 63
	FieldDecl_Id : VariableDeclId EQUALnum VariableInitializer .  (48)

	.  reduce 48


state 64
	VariableInitializer : ArrayInitializer .  (54)

	.  reduce 54


state 65
	VariableInitializer : ArrayCreationExpression .  (55)

	.  reduce 55


state 66
	Factor : MethodCallStatement .  (82)

	.  reduce 82


state 67
	VariableInitializer : Expression .  (53)

	.  reduce 53


state 68
	Expression : SimpleExpression .  (73)
	Expression : SimpleExpression . LTnum SimpleExpression  (74)
	Expression : SimpleExpression . LEnum SimpleExpression  (75)
	Expression : SimpleExpression . EQnum SimpleExpression  (76)
	Expression : SimpleExpression . NEnum SimpleExpression  (77)
	Expression : SimpleExpression . GEnum SimpleExpression  (78)
	Expression : SimpleExpression . GTnum SimpleExpression  (79)

	LTnum  shift 93
	LEnum  shift 94
	EQnum  shift 95
	NEnum  shift 96
	GEnum  shift 97
	GTnum  shift 98
	SEMInum  reduce 73
	COMMAnum  reduce 73
	LBRACEnum  reduce 73
	RBRACEnum  reduce 73
	RBRACnum  reduce 73
	RPARENnum  reduce 73


state 69
	SimpleExpression : Term . SimpleExpression_Op_rec  (87)
	SimpleExpression_Op_rec : .  (90)

	PLUSnum  shift 99
	MINUSnum  shift 100
	ORnum  shift 101
	SEMInum  reduce 90
	COMMAnum  reduce 90
	LBRACEnum  reduce 90
	RBRACEnum  reduce 90
	RBRACnum  reduce 90
	RPARENnum  reduce 90
	LTnum  reduce 90
	LEnum  reduce 90
	EQnum  reduce 90
	NEnum  reduce 90
	GEnum  reduce 90
	GTnum  reduce 90

	SimpleExpression_Op  goto 102
	SimpleExpression_Op_rec  goto 103


state 70
	Term : Factor . Term_Op_rec  (95)
	Term_Op_rec : .  (96)

	TIMESnum  shift 104
	DIVIDEnum  shift 105
	ANDnum  shift 106
	SEMInum  reduce 96
	COMMAnum  reduce 96
	LBRACEnum  reduce 96
	RBRACEnum  reduce 96
	RBRACnum  reduce 96
	RPARENnum  reduce 96
	LTnum  reduce 96
	LEnum  reduce 96
	EQnum  reduce 96
	NEnum  reduce 96
	GEnum  reduce 96
	GTnum  reduce 96
	PLUSnum  reduce 96
	MINUSnum  reduce 96
	ORnum  reduce 96

	Term_Op  goto 107
	Term_Op_rec  goto 108


state 71
	Factor : UnsignedConstant .  (80)

	.  reduce 80


state 72
	MethodCallStatement : Variable . LPARENnum ParameterList RPARENnum  (64)
	Factor : Variable .  (81)

	LPARENnum  shift 109
	SEMInum  reduce 81
	COMMAnum  reduce 81
	LBRACEnum  reduce 81
	RBRACEnum  reduce 81
	RBRACnum  reduce 81
	RPARENnum  reduce 81
	LTnum  reduce 81
	LEnum  reduce 81
	EQnum  reduce 81
	NEnum  reduce 81
	GEnum  reduce 81
	GTnum  reduce 81
	PLUSnum  reduce 81
	MINUSnum  reduce 81
	ORnum  reduce 81
	TIMESnum  reduce 81
	DIVIDEnum  reduce 81
	ANDnum  reduce 81


state 73
	Formal_Parameter : INTnum . Formal_Parameter_rec  (26)

	IDnum  shift 110
	.  error

	Formal_Parameter_rec  goto 111


state 74
	Formal_Parameter : VALnum . INTnum Formal_Parameter_rec  (25)

	INTnum  shift 112
	.  error


state 75
	MethodDecl : METHODnum Type IDnum LPARENnum Formal_Parameter_List . RPARENnum Block  (12)

	RPARENnum  shift 113
	.  error


state 76
	Formal_Parameter_List_rec : Formal_Parameter .  (23)
	Formal_Parameter_List_rec : Formal_Parameter . SEMInum Formal_Parameter_List_rec  (24)

	SEMInum  shift 114
	RPARENnum  reduce 23


state 77
	Formal_Parameter_List : Formal_Parameter_List_rec .  (22)

	.  reduce 22


state 78
	BracketLoop : BracketLoop LBRACnum RBRACnum .  (52)

	.  reduce 52


state 79
	Index : LBRACnum . Index_rec RBRACnum  (106)

	IDnum  shift 54
	LPARENnum  shift 56
	PLUSnum  shift 58
	MINUSnum  shift 59
	NOTnum  shift 60
	ICONSTnum  shift 61
	SCONSTnum  shift 62
	.  error

	Index_rec  goto 115
	MethodCallStatement  goto 66
	Expression  goto 116
	SimpleExpression  goto 68
	Term  goto 69
	Factor  goto 70
	UnsignedConstant  goto 71
	Variable  goto 72


state 80
	Field : DOTnum . IDnum  (105)

	IDnum  shift 117
	.  error


state 81
	Variable_rec : Field . Variable_rec  (104)
	Variable_rec : .  (102)

	LBRACnum  shift 79
	DOTnum  shift 80
	SEMInum  reduce 102
	COMMAnum  reduce 102
	LBRACEnum  reduce 102
	RBRACEnum  reduce 102
	RBRACnum  reduce 102
	LPARENnum  reduce 102
	RPARENnum  reduce 102
	ASSGNnum  reduce 102
	LTnum  reduce 102
	LEnum  reduce 102
	EQnum  reduce 102
	NEnum  reduce 102
	GEnum  reduce 102
	GTnum  reduce 102
	PLUSnum  reduce 102
	MINUSnum  reduce 102
	ORnum  reduce 102
	TIMESnum  reduce 102
	DIVIDEnum  reduce 102
	ANDnum  reduce 102

	Field  goto 81
	Index  goto 82
	Variable_rec  goto 118


state 82
	Variable_rec : Index . Variable_rec  (103)
	Variable_rec : .  (102)

	LBRACnum  shift 79
	DOTnum  shift 80
	SEMInum  reduce 102
	COMMAnum  reduce 102
	LBRACEnum  reduce 102
	RBRACEnum  reduce 102
	RBRACnum  reduce 102
	LPARENnum  reduce 102
	RPARENnum  reduce 102
	ASSGNnum  reduce 102
	LTnum  reduce 102
	LEnum  reduce 102
	EQnum  reduce 102
	NEnum  reduce 102
	GEnum  reduce 102
	GTnum  reduce 102
	PLUSnum  reduce 102
	MINUSnum  reduce 102
	ORnum  reduce 102
	TIMESnum  reduce 102
	DIVIDEnum  reduce 102
	ANDnum  reduce 102

	Field  goto 81
	Index  goto 82
	Variable_rec  goto 119


state 83
	Variable : IDnum Variable_rec .  (101)

	.  reduce 101


state 84
	ArrayInitializer : LBRACEnum ArrayInitializer_rec . RBRACEnum  (56)
	ArrayInitializer_rec : ArrayInitializer_rec . COMMAnum Expression  (58)

	COMMAnum  shift 120
	RBRACEnum  shift 121
	.  error


state 85
	ArrayInitializer_rec : Expression .  (57)

	.  reduce 57


state 86
	Factor : LPARENnum Expression . RPARENnum  (83)

	RPARENnum  shift 122
	.  error


state 87
	ArrayExpression : LBRACnum . Expression RBRACnum  (62)

	IDnum  shift 54
	LPARENnum  shift 56
	PLUSnum  shift 58
	MINUSnum  shift 59
	NOTnum  shift 60
	ICONSTnum  shift 61
	SCONSTnum  shift 62
	.  error

	MethodCallStatement  goto 66
	Expression  goto 123
	SimpleExpression  goto 68
	Term  goto 69
	Factor  goto 70
	UnsignedConstant  goto 71
	Variable  goto 72


state 88
	ArrayCreationExpression : INTnum ArrayCreationExpression_rec .  (59)
	ArrayCreationExpression_rec : ArrayCreationExpression_rec . ArrayExpression  (61)

	LBRACnum  shift 87
	SEMInum  reduce 59
	COMMAnum  reduce 59

	ArrayExpression  goto 124


state 89
	ArrayCreationExpression_rec : ArrayExpression .  (60)

	.  reduce 60


state 90
	SimpleExpression : PLUSnum Term . SimpleExpression_Op_rec  (88)
	SimpleExpression_Op_rec : .  (90)

	PLUSnum  shift 99
	MINUSnum  shift 100
	ORnum  shift 101
	SEMInum  reduce 90
	COMMAnum  reduce 90
	LBRACEnum  reduce 90
	RBRACEnum  reduce 90
	RBRACnum  reduce 90
	RPARENnum  reduce 90
	LTnum  reduce 90
	LEnum  reduce 90
	EQnum  reduce 90
	NEnum  reduce 90
	GEnum  reduce 90
	GTnum  reduce 90

	SimpleExpression_Op  goto 102
	SimpleExpression_Op_rec  goto 125


state 91
	SimpleExpression : MINUSnum Term . SimpleExpression_Op_rec  (89)
	SimpleExpression_Op_rec : .  (90)

	PLUSnum  shift 99
	MINUSnum  shift 100
	ORnum  shift 101
	SEMInum  reduce 90
	COMMAnum  reduce 90
	LBRACEnum  reduce 90
	RBRACEnum  reduce 90
	RBRACnum  reduce 90
	RPARENnum  reduce 90
	LTnum  reduce 90
	LEnum  reduce 90
	EQnum  reduce 90
	NEnum  reduce 90
	GEnum  reduce 90
	GTnum  reduce 90

	SimpleExpression_Op  goto 102
	SimpleExpression_Op_rec  goto 126


state 92
	Factor : NOTnum Factor .  (84)

	.  reduce 84


state 93
	Expression : SimpleExpression LTnum . SimpleExpression  (74)

	IDnum  shift 54
	LPARENnum  shift 56
	PLUSnum  shift 58
	MINUSnum  shift 59
	NOTnum  shift 60
	ICONSTnum  shift 61
	SCONSTnum  shift 62
	.  error

	MethodCallStatement  goto 66
	SimpleExpression  goto 127
	Term  goto 69
	Factor  goto 70
	UnsignedConstant  goto 71
	Variable  goto 72


state 94
	Expression : SimpleExpression LEnum . SimpleExpression  (75)

	IDnum  shift 54
	LPARENnum  shift 56
	PLUSnum  shift 58
	MINUSnum  shift 59
	NOTnum  shift 60
	ICONSTnum  shift 61
	SCONSTnum  shift 62
	.  error

	MethodCallStatement  goto 66
	SimpleExpression  goto 128
	Term  goto 69
	Factor  goto 70
	UnsignedConstant  goto 71
	Variable  goto 72


state 95
	Expression : SimpleExpression EQnum . SimpleExpression  (76)

	IDnum  shift 54
	LPARENnum  shift 56
	PLUSnum  shift 58
	MINUSnum  shift 59
	NOTnum  shift 60
	ICONSTnum  shift 61
	SCONSTnum  shift 62
	.  error

	MethodCallStatement  goto 66
	SimpleExpression  goto 129
	Term  goto 69
	Factor  goto 70
	UnsignedConstant  goto 71
	Variable  goto 72


state 96
	Expression : SimpleExpression NEnum . SimpleExpression  (77)

	IDnum  shift 54
	LPARENnum  shift 56
	PLUSnum  shift 58
	MINUSnum  shift 59
	NOTnum  shift 60
	ICONSTnum  shift 61
	SCONSTnum  shift 62
	.  error

	MethodCallStatement  goto 66
	SimpleExpression  goto 130
	Term  goto 69
	Factor  goto 70
	UnsignedConstant  goto 71
	Variable  goto 72


state 97
	Expression : SimpleExpression GEnum . SimpleExpression  (78)

	IDnum  shift 54
	LPARENnum  shift 56
	PLUSnum  shift 58
	MINUSnum  shift 59
	NOTnum  shift 60
	ICONSTnum  shift 61
	SCONSTnum  shift 62
	.  error

	MethodCallStatement  goto 66
	SimpleExpression  goto 131
	Term  goto 69
	Factor  goto 70
	UnsignedConstant  goto 71
	Variable  goto 72


state 98
	Expression : SimpleExpression GTnum . SimpleExpression  (79)

	IDnum  shift 54
	LPARENnum  shift 56
	PLUSnum  shift 58
	MINUSnum  shift 59
	NOTnum  shift 60
	ICONSTnum  shift 61
	SCONSTnum  shift 62
	.  error

	MethodCallStatement  goto 66
	SimpleExpression  goto 132
	Term  goto 69
	Factor  goto 70
	UnsignedConstant  goto 71
	Variable  goto 72


state 99
	SimpleExpression_Op : PLUSnum . Term  (92)

	IDnum  shift 54
	LPARENnum  shift 56
	NOTnum  shift 60
	ICONSTnum  shift 61
	SCONSTnum  shift 62
	.  error

	MethodCallStatement  goto 66
	Term  goto 133
	Factor  goto 70
	UnsignedConstant  goto 71
	Variable  goto 72


state 100
	SimpleExpression_Op : MINUSnum . Term  (93)

	IDnum  shift 54
	LPARENnum  shift 56
	NOTnum  shift 60
	ICONSTnum  shift 61
	SCONSTnum  shift 62
	.  error

	MethodCallStatement  goto 66
	Term  goto 134
	Factor  goto 70
	UnsignedConstant  goto 71
	Variable  goto 72


state 101
	SimpleExpression_Op : ORnum . Term  (94)

	IDnum  shift 54
	LPARENnum  shift 56
	NOTnum  shift 60
	ICONSTnum  shift 61
	SCONSTnum  shift 62
	.  error

	MethodCallStatement  goto 66
	Term  goto 135
	Factor  goto 70
	UnsignedConstant  goto 71
	Variable  goto 72


state 102
	SimpleExpression_Op_rec : SimpleExpression_Op . SimpleExpression_Op_rec  (91)
	SimpleExpression_Op_rec : .  (90)

	PLUSnum  shift 99
	MINUSnum  shift 100
	ORnum  shift 101
	SEMInum  reduce 90
	COMMAnum  reduce 90
	LBRACEnum  reduce 90
	RBRACEnum  reduce 90
	RBRACnum  reduce 90
	RPARENnum  reduce 90
	LTnum  reduce 90
	LEnum  reduce 90
	EQnum  reduce 90
	NEnum  reduce 90
	GEnum  reduce 90
	GTnum  reduce 90

	SimpleExpression_Op  goto 102
	SimpleExpression_Op_rec  goto 136


state 103
	SimpleExpression : Term SimpleExpression_Op_rec .  (87)

	.  reduce 87


state 104
	Term_Op : TIMESnum . Factor  (98)

	IDnum  shift 54
	LPARENnum  shift 56
	NOTnum  shift 60
	ICONSTnum  shift 61
	SCONSTnum  shift 62
	.  error

	MethodCallStatement  goto 66
	Factor  goto 137
	UnsignedConstant  goto 71
	Variable  goto 72


state 105
	Term_Op : DIVIDEnum . Factor  (99)

	IDnum  shift 54
	LPARENnum  shift 56
	NOTnum  shift 60
	ICONSTnum  shift 61
	SCONSTnum  shift 62
	.  error

	MethodCallStatement  goto 66
	Factor  goto 138
	UnsignedConstant  goto 71
	Variable  goto 72


state 106
	Term_Op : ANDnum . Factor  (100)

	IDnum  shift 54
	LPARENnum  shift 56
	NOTnum  shift 60
	ICONSTnum  shift 61
	SCONSTnum  shift 62
	.  error

	MethodCallStatement  goto 66
	Factor  goto 139
	UnsignedConstant  goto 71
	Variable  goto 72


state 107
	Term_Op_rec : Term_Op . Term_Op_rec  (97)
	Term_Op_rec : .  (96)

	TIMESnum  shift 104
	DIVIDEnum  shift 105
	ANDnum  shift 106
	SEMInum  reduce 96
	COMMAnum  reduce 96
	LBRACEnum  reduce 96
	RBRACEnum  reduce 96
	RBRACnum  reduce 96
	RPARENnum  reduce 96
	LTnum  reduce 96
	LEnum  reduce 96
	EQnum  reduce 96
	NEnum  reduce 96
	GEnum  reduce 96
	GTnum  reduce 96
	PLUSnum  reduce 96
	MINUSnum  reduce 96
	ORnum  reduce 96

	Term_Op  goto 107
	Term_Op_rec  goto 140


state 108
	Term : Factor Term_Op_rec .  (95)

	.  reduce 95


state 109
	MethodCallStatement : Variable LPARENnum . ParameterList RPARENnum  (64)
	ParameterList : .  (65)

	IDnum  shift 54
	LPARENnum  shift 56
	PLUSnum  shift 58
	MINUSnum  shift 59
	NOTnum  shift 60
	ICONSTnum  shift 61
	SCONSTnum  shift 62
	RPARENnum  reduce 65

	ParameterList  goto 141
	MethodCallStatement  goto 66
	Expression  goto 142
	SimpleExpression  goto 68
	Term  goto 69
	Factor  goto 70
	UnsignedConstant  goto 71
	Variable  goto 72


state 110
	Formal_Parameter_rec : IDnum .  (27)
	Formal_Parameter_rec : IDnum . COMMAnum Formal_Parameter_rec  (28)

	COMMAnum  shift 143
	SEMInum  reduce 27
	RPARENnum  reduce 27


state 111
	Formal_Parameter : INTnum Formal_Parameter_rec .  (26)

	.  reduce 26


state 112
	Formal_Parameter : VALnum INTnum . Formal_Parameter_rec  (25)

	IDnum  shift 110
	.  error

	Formal_Parameter_rec  goto 144


state 113
	MethodDecl : METHODnum Type IDnum LPARENnum Formal_Parameter_List RPARENnum . Block  (12)

	DECLARATIONSnum  shift 12
	LBRACEnum  shift 145
	.  error

	StatementList  goto 146
	Decls  goto 147
	Block  goto 148


state 114
	Formal_Parameter_List_rec : Formal_Parameter SEMInum . Formal_Parameter_List_rec  (24)

	INTnum  shift 73
	VALnum  shift 74
	.  error

	Formal_Parameter  goto 76
	Formal_Parameter_List_rec  goto 149


state 115
	Index : LBRACnum Index_rec . RBRACnum  (106)

	RBRACnum  shift 150
	.  error


state 116
	Index_rec : Expression .  (107)
	Index_rec : Expression . COMMAnum Index_rec  (108)

	COMMAnum  shift 151
	RBRACnum  reduce 107


state 117
	Field : DOTnum IDnum .  (105)

	.  reduce 105


state 118
	Variable_rec : Field Variable_rec .  (104)

	.  reduce 104


state 119
	Variable_rec : Index Variable_rec .  (103)

	.  reduce 103


state 120
	ArrayInitializer_rec : ArrayInitializer_rec COMMAnum . Expression  (58)

	IDnum  shift 54
	LPARENnum  shift 56
	PLUSnum  shift 58
	MINUSnum  shift 59
	NOTnum  shift 60
	ICONSTnum  shift 61
	SCONSTnum  shift 62
	.  error

	MethodCallStatement  goto 66
	Expression  goto 152
	SimpleExpression  goto 68
	Term  goto 69
	Factor  goto 70
	UnsignedConstant  goto 71
	Variable  goto 72


state 121
	ArrayInitializer : LBRACEnum ArrayInitializer_rec RBRACEnum .  (56)

	.  reduce 56


state 122
	Factor : LPARENnum Expression RPARENnum .  (83)

	.  reduce 83


state 123
	ArrayExpression : LBRACnum Expression . RBRACnum  (62)

	RBRACnum  shift 153
	.  error


state 124
	ArrayCreationExpression_rec : ArrayCreationExpression_rec ArrayExpression .  (61)

	.  reduce 61


state 125
	SimpleExpression : PLUSnum Term SimpleExpression_Op_rec .  (88)

	.  reduce 88


state 126
	SimpleExpression : MINUSnum Term SimpleExpression_Op_rec .  (89)

	.  reduce 89


state 127
	Expression : SimpleExpression LTnum SimpleExpression .  (74)

	.  reduce 74


state 128
	Expression : SimpleExpression LEnum SimpleExpression .  (75)

	.  reduce 75


state 129
	Expression : SimpleExpression EQnum SimpleExpression .  (76)

	.  reduce 76


state 130
	Expression : SimpleExpression NEnum SimpleExpression .  (77)

	.  reduce 77


state 131
	Expression : SimpleExpression GEnum SimpleExpression .  (78)

	.  reduce 78


state 132
	Expression : SimpleExpression GTnum SimpleExpression .  (79)

	.  reduce 79


state 133
	SimpleExpression_Op : PLUSnum Term .  (92)

	.  reduce 92


state 134
	SimpleExpression_Op : MINUSnum Term .  (93)

	.  reduce 93


state 135
	SimpleExpression_Op : ORnum Term .  (94)

	.  reduce 94


state 136
	SimpleExpression_Op_rec : SimpleExpression_Op SimpleExpression_Op_rec .  (91)

	.  reduce 91


state 137
	Term_Op : TIMESnum Factor .  (98)

	.  reduce 98


state 138
	Term_Op : DIVIDEnum Factor .  (99)

	.  reduce 99


state 139
	Term_Op : ANDnum Factor .  (100)

	.  reduce 100


state 140
	Term_Op_rec : Term_Op Term_Op_rec .  (97)

	.  reduce 97


state 141
	MethodCallStatement : Variable LPARENnum ParameterList . RPARENnum  (64)

	RPARENnum  shift 154
	.  error


state 142
	ParameterList : Expression .  (66)
	ParameterList : Expression . COMMAnum ParameterList  (67)

	COMMAnum  shift 155
	RPARENnum  reduce 66


state 143
	Formal_Parameter_rec : IDnum COMMAnum . Formal_Parameter_rec  (28)

	IDnum  shift 110
	.  error

	Formal_Parameter_rec  goto 156


state 144
	Formal_Parameter : VALnum INTnum Formal_Parameter_rec .  (25)

	.  reduce 25


state 145
	StatementList : LBRACEnum . StatementList_rec RBRACEnum  (31)
	Statement : .  (34)

	IDnum  shift 54
	RETURNnum  shift 157
	IFnum  shift 158
	WHILEnum  shift 159
	SEMInum  reduce 34
	RBRACEnum  reduce 34

	Statement  goto 160
	StatementList_rec  goto 161
	AssignmentStatement  goto 162
	MethodCallStatement  goto 163
	ReturnStatement  goto 164
	IfStatement  goto 165
	WhileStatement  goto 166
	Variable  goto 167


state 146
	Block : StatementList .  (29)

	.  reduce 29


state 147
	Block : Decls . StatementList  (30)

	LBRACEnum  shift 145
	.  error

	StatementList  goto 168


state 148
	MethodDecl : METHODnum Type IDnum LPARENnum Formal_Parameter_List RPARENnum Block .  (12)

	.  reduce 12


state 149
	Formal_Parameter_List_rec : Formal_Parameter SEMInum Formal_Parameter_List_rec .  (24)

	.  reduce 24


state 150
	Index : LBRACnum Index_rec RBRACnum .  (106)

	.  reduce 106


state 151
	Index_rec : Expression COMMAnum . Index_rec  (108)

	IDnum  shift 54
	LPARENnum  shift 56
	PLUSnum  shift 58
	MINUSnum  shift 59
	NOTnum  shift 60
	ICONSTnum  shift 61
	SCONSTnum  shift 62
	.  error

	Index_rec  goto 169
	MethodCallStatement  goto 66
	Expression  goto 116
	SimpleExpression  goto 68
	Term  goto 69
	Factor  goto 70
	UnsignedConstant  goto 71
	Variable  goto 72


state 152
	ArrayInitializer_rec : ArrayInitializer_rec COMMAnum Expression .  (58)

	.  reduce 58


state 153
	ArrayExpression : LBRACnum Expression RBRACnum .  (62)

	.  reduce 62


state 154
	MethodCallStatement : Variable LPARENnum ParameterList RPARENnum .  (64)

	.  reduce 64


state 155
	ParameterList : Expression COMMAnum . ParameterList  (67)
	ParameterList : .  (65)

	IDnum  shift 54
	LPARENnum  shift 56
	PLUSnum  shift 58
	MINUSnum  shift 59
	NOTnum  shift 60
	ICONSTnum  shift 61
	SCONSTnum  shift 62
	RPARENnum  reduce 65

	ParameterList  goto 170
	MethodCallStatement  goto 66
	Expression  goto 142
	SimpleExpression  goto 68
	Term  goto 69
	Factor  goto 70
	UnsignedConstant  goto 71
	Variable  goto 72


state 156
	Formal_Parameter_rec : IDnum COMMAnum Formal_Parameter_rec .  (28)

	.  reduce 28


state 157
	ReturnStatement : RETURNnum .  (68)
	ReturnStatement : RETURNnum . Expression  (69)

	IDnum  shift 54
	LPARENnum  shift 56
	PLUSnum  shift 58
	MINUSnum  shift 59
	NOTnum  shift 60
	ICONSTnum  shift 61
	SCONSTnum  shift 62
	SEMInum  reduce 68
	RBRACEnum  reduce 68

	MethodCallStatement  goto 66
	Expression  goto 171
	SimpleExpression  goto 68
	Term  goto 69
	Factor  goto 70
	UnsignedConstant  goto 71
	Variable  goto 72


state 158
	IfStatement : IFnum . Expression StatementList  (70)
	IfStatement : IFnum . Expression StatementList ELSEnum StatementList  (71)

	IDnum  shift 54
	LPARENnum  shift 56
	PLUSnum  shift 58
	MINUSnum  shift 59
	NOTnum  shift 60
	ICONSTnum  shift 61
	SCONSTnum  shift 62
	.  error

	MethodCallStatement  goto 66
	Expression  goto 172
	SimpleExpression  goto 68
	Term  goto 69
	Factor  goto 70
	UnsignedConstant  goto 71
	Variable  goto 72


state 159
	WhileStatement : WHILEnum . Expression StatementList  (72)

	IDnum  shift 54
	LPARENnum  shift 56
	PLUSnum  shift 58
	MINUSnum  shift 59
	NOTnum  shift 60
	ICONSTnum  shift 61
	SCONSTnum  shift 62
	.  error

	MethodCallStatement  goto 66
	Expression  goto 173
	SimpleExpression  goto 68
	Term  goto 69
	Factor  goto 70
	UnsignedConstant  goto 71
	Variable  goto 72


state 160
	StatementList_rec : Statement .  (32)

	.  reduce 32


state 161
	StatementList : LBRACEnum StatementList_rec . RBRACEnum  (31)
	StatementList_rec : StatementList_rec . SEMInum Statement  (33)

	SEMInum  shift 174
	RBRACEnum  shift 175
	.  error


state 162
	Statement : AssignmentStatement .  (35)

	.  reduce 35


state 163
	Statement : MethodCallStatement .  (36)

	.  reduce 36


state 164
	Statement : ReturnStatement .  (37)

	.  reduce 37


state 165
	Statement : IfStatement .  (38)

	.  reduce 38


state 166
	Statement : WhileStatement .  (39)

	.  reduce 39


state 167
	AssignmentStatement : Variable . ASSGNnum Expression  (63)
	MethodCallStatement : Variable . LPARENnum ParameterList RPARENnum  (64)

	LPARENnum  shift 109
	ASSGNnum  shift 176
	.  error


state 168
	Block : Decls StatementList .  (30)

	.  reduce 30


state 169
	Index_rec : Expression COMMAnum Index_rec .  (108)

	.  reduce 108


state 170
	ParameterList : Expression COMMAnum ParameterList .  (67)

	.  reduce 67


state 171
	ReturnStatement : RETURNnum Expression .  (69)

	.  reduce 69


state 172
	IfStatement : IFnum Expression . StatementList  (70)
	IfStatement : IFnum Expression . StatementList ELSEnum StatementList  (71)

	LBRACEnum  shift 145
	.  error

	StatementList  goto 177


state 173
	WhileStatement : WHILEnum Expression . StatementList  (72)

	LBRACEnum  shift 145
	.  error

	StatementList  goto 178


state 174
	StatementList_rec : StatementList_rec SEMInum . Statement  (33)
	Statement : .  (34)

	IDnum  shift 54
	RETURNnum  shift 157
	IFnum  shift 158
	WHILEnum  shift 159
	SEMInum  reduce 34
	RBRACEnum  reduce 34

	Statement  goto 179
	AssignmentStatement  goto 162
	MethodCallStatement  goto 163
	ReturnStatement  goto 164
	IfStatement  goto 165
	WhileStatement  goto 166
	Variable  goto 167


state 175
	StatementList : LBRACEnum StatementList_rec RBRACEnum .  (31)

	.  reduce 31


state 176
	AssignmentStatement : Variable ASSGNnum . Expression  (63)

	IDnum  shift 54
	LPARENnum  shift 56
	PLUSnum  shift 58
	MINUSnum  shift 59
	NOTnum  shift 60
	ICONSTnum  shift 61
	SCONSTnum  shift 62
	.  error

	MethodCallStatement  goto 66
	Expression  goto 180
	SimpleExpression  goto 68
	Term  goto 69
	Factor  goto 70
	UnsignedConstant  goto 71
	Variable  goto 72


state 177
	IfStatement : IFnum Expression StatementList .  (70)
	IfStatement : IFnum Expression StatementList . ELSEnum StatementList  (71)

	ELSEnum  shift 181
	SEMInum  reduce 70
	RBRACEnum  reduce 70


state 178
	WhileStatement : WHILEnum Expression StatementList .  (72)

	.  reduce 72


state 179
	StatementList_rec : StatementList_rec SEMInum Statement .  (33)

	.  reduce 33


state 180
	AssignmentStatement : Variable ASSGNnum Expression .  (63)

	.  reduce 63


state 181
	IfStatement : IFnum Expression StatementList ELSEnum . StatementList  (71)

	LBRACEnum  shift 145
	.  error

	StatementList  goto 182


state 182
	IfStatement : IFnum Expression StatementList ELSEnum StatementList .  (71)

	.  reduce 71


State 10 contains 1 shift/reduce conflict.
State 12 contains 3 shift/reduce conflicts.
State 16 contains 1 shift/reduce conflict.
State 18 contains 1 shift/reduce conflict.
State 20 contains 1 shift/reduce conflict.


63 terminals, 51 nonterminals
109 grammar rules, 183 states
